2012-09-21 17:23:47 Error: [MissingControllerException] Controller class ManagerController could not be found.
#0 C:\xampp\htdocs\nareal\webroot\index.php(92): Dispatcher->dispatch(Object(CakeRequest), Object(CakeResponse))
#1 {main}
2012-09-21 17:24:22 Error: Fatal Error (1): Call to a member function login() on a non-object in [C:\xampp\htdocs\nareal\Controller\UsersController.php, line 12]
2012-09-21 17:24:22 Error: [FatalErrorException] Call to a member function login() on a non-object
#0 C:\xampp\htdocs\cake\lib\Cake\Error\ErrorHandler.php(162): ErrorHandler::handleFatalError(1, 'Call to a membe...', 'C:\xampp\htdocs...', 12)
#1 [internal function]: ErrorHandler::handleError(1, 'Call to a membe...', 'C:\xampp\htdocs...', 12, Array)
#2 C:\xampp\htdocs\cake\lib\Cake\Core\App.php(926): call_user_func('ErrorHandler::h...', 1, 'Call to a membe...', 'C:\xampp\htdocs...', 12, Array)
#3 C:\xampp\htdocs\cake\lib\Cake\Core\App.php(899): App::_checkFatalError()
#4 [internal function]: App::shutdown()
#5 {main}
2012-09-21 17:25:21 Error: [MissingLayoutException] Layout file "C:\xampp\htdocs\nareal\View\Layouts\manager.ctp" is missing.
#0 C:\xampp\htdocs\cake\lib\Cake\View\View.php(513): View->_getLayoutFileName('manager')
#1 C:\xampp\htdocs\cake\lib\Cake\View\View.php(483): View->renderLayout('', 'manager')
#2 C:\xampp\htdocs\cake\lib\Cake\Controller\Controller.php(957): View->render(NULL, NULL)
#3 C:\xampp\htdocs\cake\lib\Cake\Routing\Dispatcher.php(193): Controller->render()
#4 C:\xampp\htdocs\cake\lib\Cake\Routing\Dispatcher.php(161): Dispatcher->_invoke(Object(UsersController), Object(CakeRequest), Object(CakeResponse))
#5 C:\xampp\htdocs\nareal\webroot\index.php(92): Dispatcher->dispatch(Object(CakeRequest), Object(CakeResponse))
#6 {main}
2012-09-21 17:26:59 Error: [MissingControllerException] Controller class ImagesController could not be found.
#0 C:\xampp\htdocs\nareal\webroot\index.php(92): Dispatcher->dispatch(Object(CakeRequest), Object(CakeResponse))
#1 {main}
2012-09-21 19:08:24 Error: [NotFoundException] Invalid author
#0 [internal function]: AuthorsController->manager_edit()
#1 C:\xampp\htdocs\cake\lib\Cake\Controller\Controller.php(485): ReflectionMethod->invokeArgs(Object(AuthorsController), Array)
#2 C:\xampp\htdocs\cake\lib\Cake\Routing\Dispatcher.php(186): Controller->invokeAction(Object(CakeRequest))
#3 C:\xampp\htdocs\cake\lib\Cake\Routing\Dispatcher.php(161): Dispatcher->_invoke(Object(AuthorsController), Object(CakeRequest), Object(CakeResponse))
#4 C:\xampp\htdocs\nareal\webroot\index.php(92): Dispatcher->dispatch(Object(CakeRequest), Object(CakeResponse))
#5 {main}
2012-09-21 19:09:14 Error: [NotFoundException] Invalid category
#0 [internal function]: CategoriesController->manager_edit()
#1 C:\xampp\htdocs\cake\lib\Cake\Controller\Controller.php(485): ReflectionMethod->invokeArgs(Object(CategoriesController), Array)
#2 C:\xampp\htdocs\cake\lib\Cake\Routing\Dispatcher.php(186): Controller->invokeAction(Object(CakeRequest))
#3 C:\xampp\htdocs\cake\lib\Cake\Routing\Dispatcher.php(161): Dispatcher->_invoke(Object(CategoriesController), Object(CakeRequest), Object(CakeResponse))
#4 C:\xampp\htdocs\nareal\webroot\index.php(92): Dispatcher->dispatch(Object(CakeRequest), Object(CakeResponse))
#5 {main}
2012-09-21 19:09:52 Error: [NotFoundException] Invalid category
#0 [internal function]: CategoriesController->manager_edit()
#1 C:\xampp\htdocs\cake\lib\Cake\Controller\Controller.php(485): ReflectionMethod->invokeArgs(Object(CategoriesController), Array)
#2 C:\xampp\htdocs\cake\lib\Cake\Routing\Dispatcher.php(186): Controller->invokeAction(Object(CakeRequest))
#3 C:\xampp\htdocs\cake\lib\Cake\Routing\Dispatcher.php(161): Dispatcher->_invoke(Object(CategoriesController), Object(CakeRequest), Object(CakeResponse))
#4 C:\xampp\htdocs\nareal\webroot\index.php(92): Dispatcher->dispatch(Object(CakeRequest), Object(CakeResponse))
#5 {main}
2012-09-24 18:00:07 Error: Fatal Error (1): Call to a member function find() on a non-object in [C:\xampp\htdocs\nareal\Controller\CategoriesController.php, line 38]
2012-09-24 18:00:07 Error: [FatalErrorException] Call to a member function find() on a non-object
#0 C:\xampp\htdocs\cake\lib\Cake\Error\ErrorHandler.php(162): ErrorHandler::handleFatalError(1, 'Call to a membe...', 'C:\xampp\htdocs...', 38)
#1 [internal function]: ErrorHandler::handleError(1, 'Call to a membe...', 'C:\xampp\htdocs...', 38, Array)
#2 C:\xampp\htdocs\cake\lib\Cake\Core\App.php(926): call_user_func('ErrorHandler::h...', 1, 'Call to a membe...', 'C:\xampp\htdocs...', 38, Array)
#3 C:\xampp\htdocs\cake\lib\Cake\Core\App.php(899): App::_checkFatalError()
#4 [internal function]: App::shutdown()
#5 {main}
2012-09-24 18:41:24 Error: [MissingViewException] View file "C:\xampp\htdocs\nareal\View\Templates\manager_alimentar.ctp" is missing.
#0 C:\xampp\htdocs\cake\lib\Cake\View\View.php(472): View->_getViewFileName(NULL)
#1 C:\xampp\htdocs\cake\lib\Cake\Controller\Controller.php(957): View->render(NULL, NULL)
#2 C:\xampp\htdocs\cake\lib\Cake\Routing\Dispatcher.php(193): Controller->render()
#3 C:\xampp\htdocs\cake\lib\Cake\Routing\Dispatcher.php(161): Dispatcher->_invoke(Object(TemplatesController), Object(CakeRequest), Object(CakeResponse))
#4 C:\xampp\htdocs\nareal\webroot\index.php(92): Dispatcher->dispatch(Object(CakeRequest), Object(CakeResponse))
#5 {main}
2012-09-24 20:45:24 Error: [PDOException] SQLSTATE[42S22]: Column not found: 1054 Unknown column 'Array' in 'field list'
#0 C:\xampp\htdocs\cake\lib\Cake\Model\Datasource\DboSource.php(461): PDOStatement->execute(Array)
#1 C:\xampp\htdocs\cake\lib\Cake\Model\Datasource\DboSource.php(427): DboSource->_execute('INSERT INTO `na...', Array)
#2 C:\xampp\htdocs\cake\lib\Cake\Model\Datasource\DboSource.php(1009): DboSource->execute('INSERT INTO `na...')
#3 C:\xampp\htdocs\cake\lib\Cake\Model\Model.php(1730): DboSource->create(Object(Author), Array, Array)
#4 C:\xampp\htdocs\nareal\Controller\AuthorsController.php(24): Model->save(Array)
#5 [internal function]: AuthorsController->manager_edit()
#6 C:\xampp\htdocs\cake\lib\Cake\Controller\Controller.php(485): ReflectionMethod->invokeArgs(Object(AuthorsController), Array)
#7 C:\xampp\htdocs\cake\lib\Cake\Routing\Dispatcher.php(186): Controller->invokeAction(Object(CakeRequest))
#8 C:\xampp\htdocs\cake\lib\Cake\Routing\Dispatcher.php(161): Dispatcher->_invoke(Object(AuthorsController), Object(CakeRequest), Object(CakeResponse))
#9 C:\xampp\htdocs\nareal\webroot\index.php(92): Dispatcher->dispatch(Object(CakeRequest), Object(CakeResponse))
#10 {main}
2012-09-24 20:46:04 Error: [PDOException] SQLSTATE[42S22]: Column not found: 1054 Unknown column 'Array' in 'field list'
#0 C:\xampp\htdocs\cake\lib\Cake\Model\Datasource\DboSource.php(461): PDOStatement->execute(Array)
#1 C:\xampp\htdocs\cake\lib\Cake\Model\Datasource\DboSource.php(427): DboSource->_execute('INSERT INTO `na...', Array)
#2 C:\xampp\htdocs\cake\lib\Cake\Model\Datasource\DboSource.php(1009): DboSource->execute('INSERT INTO `na...')
#3 C:\xampp\htdocs\cake\lib\Cake\Model\Model.php(1730): DboSource->create(Object(Author), Array, Array)
#4 C:\xampp\htdocs\nareal\Controller\AuthorsController.php(26): Model->save(Array)
#5 [internal function]: AuthorsController->manager_edit()
#6 C:\xampp\htdocs\cake\lib\Cake\Controller\Controller.php(485): ReflectionMethod->invokeArgs(Object(AuthorsController), Array)
#7 C:\xampp\htdocs\cake\lib\Cake\Routing\Dispatcher.php(186): Controller->invokeAction(Object(CakeRequest))
#8 C:\xampp\htdocs\cake\lib\Cake\Routing\Dispatcher.php(161): Dispatcher->_invoke(Object(AuthorsController), Object(CakeRequest), Object(CakeResponse))
#9 C:\xampp\htdocs\nareal\webroot\index.php(92): Dispatcher->dispatch(Object(CakeRequest), Object(CakeResponse))
#10 {main}
2012-09-24 22:41:44 Error: [MissingControllerException] Controller class 5060aaaeb3f64.jpgController could not be found.
#0 C:\xampp\htdocs\nareal\webroot\index.php(92): Dispatcher->dispatch(Object(CakeRequest), Object(CakeResponse))
#1 {main}
2012-09-25 02:34:42 Error: Fatal Error (1): Call to a member function find() on a non-object in [C:\xampp\htdocs\nareal\Controller\PostsController.php, line 26]
2012-09-25 02:34:42 Error: [FatalErrorException] Call to a member function find() on a non-object
#0 C:\xampp\htdocs\cake\lib\Cake\Error\ErrorHandler.php(162): ErrorHandler::handleFatalError(1, 'Call to a membe...', 'C:\xampp\htdocs...', 26)
#1 [internal function]: ErrorHandler::handleError(1, 'Call to a membe...', 'C:\xampp\htdocs...', 26, Array)
#2 C:\xampp\htdocs\cake\lib\Cake\Core\App.php(926): call_user_func('ErrorHandler::h...', 1, 'Call to a membe...', 'C:\xampp\htdocs...', 26, Array)
#3 C:\xampp\htdocs\cake\lib\Cake\Core\App.php(899): App::_checkFatalError()
#4 [internal function]: App::shutdown()
#5 {main}
